SF:lib/src/mutation/mutation_notifier.dart
DA:62,1
DA:66,1
DA:67,1
DA:70,1
DA:73,3
DA:76,2
DA:77,1
DA:78,1
DA:82,3
DA:85,5
DA:86,1
DA:104,1
DA:105,2
DA:111,1
DA:112,2
DA:116,1
DA:117,2
DA:118,2
LF:18
LH:18
end_of_record
SF:lib/src/mutation/mutation_provider.dart
DA:99,1
DA:104,1
DA:105,1
DA:106,1
DA:107,1
LF:5
LH:5
end_of_record
SF:lib/src/provider/client_provider.dart
DA:20,24
DA:40,24
DA:57,24
DA:74,12
DA:75,12
DA:93,24
DA:94,6
DA:111,24
DA:112,6
DA:137,24
DA:138,12
DA:139,12
DA:140,12
DA:141,12
DA:142,12
DA:143,12
DA:145,6
DA:153,7
DA:154,1
DA:156,7
DA:157,1
DA:161,12
DA:162,6
LF:23
LH:23
end_of_record
SF:lib/src/prefetch/prefetch_extension.dart
DA:93,1
DA:98,2
DA:99,1
DA:128,1
DA:129,2
DA:130,1
LF:6
LH:6
end_of_record
SF:lib/src/query/query_notifier.dart
DA:50,2
DA:57,2
DA:58,2
DA:59,2
DA:60,2
DA:61,2
DA:64,2
DA:67,6
DA:70,4
DA:71,2
DA:72,2
DA:73,2
DA:74,2
DA:75,2
DA:79,6
DA:82,9
DA:83,2
DA:87,4
DA:88,4
DA:89,4
DA:93,2
DA:94,1
DA:95,2
DA:96,0
DA:99,2
DA:104,2
DA:105,2
DA:108,7
DA:109,1
DA:110,1
DA:111,2
DA:113,1
DA:114,1
DA:115,1
DA:116,1
DA:117,1
DA:118,1
DA:121,1
DA:125,2
DA:129,1
DA:130,1
DA:133,1
DA:134,1
DA:136,1
DA:138,1
DA:139,1
DA:140,1
DA:151,1
DA:152,2
DA:159,1
DA:160,3
DA:161,2
DA:168,2
DA:169,4
DA:170,4
LF:55
LH:54
end_of_record
SF:lib/src/query/query_provider.dart
DA:55,2
DA:61,4
DA:62,2
DA:63,2
DA:88,1
DA:95,2
DA:96,1
DA:97,1
LF:8
LH:8
end_of_record
SF:lib/src/query/infinite_query_notifier.dart
DA:62,1
DA:67,1
DA:68,1
DA:69,1
DA:72,1
DA:75,3
DA:78,2
DA:79,1
DA:80,1
DA:81,1
DA:85,3
DA:88,5
DA:89,2
DA:93,2
DA:94,3
DA:95,2
DA:99,2
DA:101,1
DA:102,0
DA:105,1
DA:110,1
DA:111,1
DA:114,4
DA:115,2
DA:116,1
DA:117,1
DA:119,1
DA:120,0
DA:121,0
DA:122,0
DA:123,0
DA:124,0
DA:127,0
DA:131,1
DA:135,1
DA:138,2
DA:140,0
DA:141,1
DA:143,0
DA:144,0
DA:145,0
DA:158,1
DA:159,2
DA:165,0
DA:166,0
DA:172,0
DA:173,0
DA:179,0
DA:180,0
DA:184,0
DA:185,0
DA:186,0
DA:190,1
DA:191,2
DA:192,2
LF:55
LH:35
end_of_record
SF:lib/src/query/infinite_query_provider.dart
DA:69,1
DA:75,1
DA:76,1
DA:77,1
DA:78,1
LF:5
LH:5
end_of_record
